The king 
QP Some 7000 men and women 
QP several hundred people 
the Bastille 
the Bastille 
QP several hundred people 
French Society 
Peasants 
Peasants 
peasants and workers 
the time 
a post 
An Englishman 
An Englishman 
!!!
The last time 
The representatives 
the grounds 
The representatives 
the grounds 
Mirabeau 
hoes and pitchforks 
active citizens 
active citizens 
!!!
the right S to participate in its formation   personally or through their representatives 
the law 
the right S to participate in its formation   personally or through their representatives 
the right S to participate in its formation   personally or through their representatives 
the law 
Thousands 
the people 
Roget de LIsle 
the people 
The members 
society 
the Jacobins 
September 1792 
some other countries 
January 1793 
January 1793 
!!!
The guillotine 
Dr Guillotin 
Dr Guillotin 
Robespierre 
The revolutionary journalist 
a phase 
women 
women 
passive citizens 
their interests 
The example 
French merchants 
French merchants 
The exploitation 
The exploitation 
opposition 
the clothes people wear 
the clothes people wear 
The Revolution and Everyday Life 
the clothes people wear 
the clothes people wear 
Newspapers 
Newspapers 
Napoleon Bonaparte 
Napoleon Bonaparte 
Napoleon Bonaparte 
Napoleon Bonaparte 
The king 
QP Some 7000 men and women 
QP several hundred people 
the Bastille 
the Bastille 
QP several hundred people 
French Society 
Peasants 
Peasants 
peasants and workers 
the time 
a post 
An Englishman 
An Englishman 
!!!
The last time 
The representatives 
the grounds 
The representatives 
the grounds 
Mirabeau 
hoes and pitchforks 
active citizens 
active citizens 
!!!
the right S to participate in its formation   personally or through their representatives 
the law 
the right S to participate in its formation   personally or through their representatives 
the right S to participate in its formation   personally or through their representatives 
the law 
Thousands 
the people 
Roget de LIsle 
the people 
The members 
society 
the Jacobins 
September 1792 
some other countries 
January 1793 
January 1793 
!!!
!!!
!!!
Dr Guillotin 
Robespierre 
The revolutionary journalist 
a phase 
women 
women 
passive citizens 
